INFO:     Will watch for changes in these directories: ['D:\\DBS_DBE\\Projects\\Modular_Component_Showcase_Application\\gateway']
INFO:     Uvicorn running on http://127.0.0.1:9000 (Press CTRL+C to quit)
INFO:     Started reloader process [22952] using StatReload
INFO:     Started server process [22564]
INFO:     Waiting for application startup.
INFO:     Application startup complete.
WARNING:  StatReload detected changes in 'routes\component_routes.py'. Reloading...
INFO:     Shutting down
INFO:     Waiting for application shutdown.
INFO:     Application shutdown complete.
INFO:     Finished server process [22564]
INFO:     Started server process [14848]
INFO:     Waiting for application startup.
INFO:     Application startup complete.
WARNING:  StatReload detected changes in 'main.py'. Reloading...
INFO:     Shutting down
INFO:     Waiting for application shutdown.
INFO:     Application shutdown complete.
INFO:     Finished server process [14848]
Process SpawnProcess-3:
Traceback (most recent call last):
  File "C:\Users\tejas\AppData\Local\Python\pythoncore-3.14-64\Lib\multiprocessing\process.py", line 320, in _bootstrap
    self.run()
    ~~~~~~~~^^
  File "C:\Users\tejas\AppData\Local\Python\pythoncore-3.14-64\Lib\multiprocessing\process.py", line 108, in run
    self._target(*self._args, **self._kwargs)
    ~~~~~~~~~~~~^^^^^^^^^^^^^^^^^^^^^^^^^^^^^
  File "D:\DBS_DBE\Projects\Modular_Component_Showcase_Application\.venv\Lib\site-packages\uvicorn\_subprocess.py", line 80, in subprocess_started
    target(sockets=sockets)
    ~~~~~~^^^^^^^^^^^^^^^^^
  File "D:\DBS_DBE\Projects\Modular_Component_Showcase_Application\.venv\Lib\site-packages\uvicorn\server.py", line 75, in run
    return asyncio_run(self.serve(sockets=sockets), loop_factory=self.config.get_loop_factory())
  File "C:\Users\tejas\AppData\Local\Python\pythoncore-3.14-64\Lib\asyncio\runners.py", line 204, in run
    return runner.run(main)
           ~~~~~~~~~~^^^^^^
  File "C:\Users\tejas\AppData\Local\Python\pythoncore-3.14-64\Lib\asyncio\runners.py", line 127, in run
    return self._loop.run_until_complete(task)
           ~~~~~~~~~~~~~~~~~~~~~~~~~~~~~^^^^^^
  File "C:\Users\tejas\AppData\Local\Python\pythoncore-3.14-64\Lib\asyncio\base_events.py", line 719, in run_until_complete
    return future.result()
           ~~~~~~~~~~~~~^^
  File "D:\DBS_DBE\Projects\Modular_Component_Showcase_Application\.venv\Lib\site-packages\uvicorn\server.py", line 79, in serve
    await self._serve(sockets)
  File "D:\DBS_DBE\Projects\Modular_Component_Showcase_Application\.venv\Lib\site-packages\uvicorn\server.py", line 86, in _serve
    config.load()
    ~~~~~~~~~~~^^
  File "D:\DBS_DBE\Projects\Modular_Component_Showcase_Application\.venv\Lib\site-packages\uvicorn\config.py", line 481, in load
    self.loaded_app = self.load_app()
                      ~~~~~~~~~~~~~^^
  File "D:\DBS_DBE\Projects\Modular_Component_Showcase_Application\.venv\Lib\site-packages\uvicorn\config.py", line 415, in load_app
    return import_from_string(self.app)
  File "D:\DBS_DBE\Projects\Modular_Component_Showcase_Application\.venv\Lib\site-packages\uvicorn\importer.py", line 19, in import_from_string
    module = importlib.import_module(module_str)
  File "C:\Users\tejas\AppData\Local\Python\pythoncore-3.14-64\Lib\importlib\__init__.py", line 88, in import_module
    return _bootstrap._gcd_import(name[level:], package, level)
           ~~~~~~~~~~~~~~~~~~~~~~^^^^^^^^^^^^^^^^^^^^^^^^^^^^^^
  File "<frozen importlib._bootstrap>", line 1406, in _gcd_import
  File "<frozen importlib._bootstrap>", line 1371, in _find_and_load
  File "<frozen importlib._bootstrap>", line 1342, in _find_and_load_unlocked
  File "<frozen importlib._bootstrap>", line 938, in _load_unlocked
  File "<frozen importlib._bootstrap_external>", line 759, in exec_module
  File "<frozen importlib._bootstrap>", line 491, in _call_with_frames_removed
  File "D:\DBS_DBE\Projects\Modular_Component_Showcase_Application\gateway\main.py", line 17, in <module>
    app.include_router(auth_routes.router)
                       ^^^^^^^^^^^
NameError: name 'auth_routes' is not defined
WARNING:  StatReload detected changes in 'main.py'. Reloading...
WARNING:  StatReload detected changes in 'main.py'. Reloading...
Process SpawnProcess-4:
Traceback (most recent call last):
  File "C:\Users\tejas\AppData\Local\Python\pythoncore-3.14-64\Lib\multiprocessing\process.py", line 320, in _bootstrap
    self.run()
    ~~~~~~~~^^
  File "C:\Users\tejas\AppData\Local\Python\pythoncore-3.14-64\Lib\multiprocessing\process.py", line 108, in run
    self._target(*self._args, **self._kwargs)
    ~~~~~~~~~~~~^^^^^^^^^^^^^^^^^^^^^^^^^^^^^
  File "D:\DBS_DBE\Projects\Modular_Component_Showcase_Application\.venv\Lib\site-packages\uvicorn\_subprocess.py", line 80, in subprocess_started
    target(sockets=sockets)
    ~~~~~~^^^^^^^^^^^^^^^^^
  File "D:\DBS_DBE\Projects\Modular_Component_Showcase_Application\.venv\Lib\site-packages\uvicorn\server.py", line 75, in run
    return asyncio_run(self.serve(sockets=sockets), loop_factory=self.config.get_loop_factory())
  File "C:\Users\tejas\AppData\Local\Python\pythoncore-3.14-64\Lib\asyncio\runners.py", line 204, in run
    return runner.run(main)
           ~~~~~~~~~~^^^^^^
  File "C:\Users\tejas\AppData\Local\Python\pythoncore-3.14-64\Lib\asyncio\runners.py", line 127, in run
    return self._loop.run_until_complete(task)
           ~~~~~~~~~~~~~~~~~~~~~~~~~~~~~^^^^^^
  File "C:\Users\tejas\AppData\Local\Python\pythoncore-3.14-64\Lib\asyncio\base_events.py", line 719, in run_until_complete
    return future.result()
           ~~~~~~~~~~~~~^^
  File "D:\DBS_DBE\Projects\Modular_Component_Showcase_Application\.venv\Lib\site-packages\uvicorn\server.py", line 79, in serve
    await self._serve(sockets)
  File "D:\DBS_DBE\Projects\Modular_Component_Showcase_Application\.venv\Lib\site-packages\uvicorn\server.py", line 86, in _serve
    config.load()
    ~~~~~~~~~~~^^
  File "D:\DBS_DBE\Projects\Modular_Component_Showcase_Application\.venv\Lib\site-packages\uvicorn\config.py", line 481, in load
    self.loaded_app = self.load_app()
                      ~~~~~~~~~~~~~^^
  File "D:\DBS_DBE\Projects\Modular_Component_Showcase_Application\.venv\Lib\site-packages\uvicorn\config.py", line 415, in load_app
    return import_from_string(self.app)
  File "D:\DBS_DBE\Projects\Modular_Component_Showcase_Application\.venv\Lib\site-packages\uvicorn\importer.py", line 19, in import_from_string
    module = importlib.import_module(module_str)
  File "C:\Users\tejas\AppData\Local\Python\pythoncore-3.14-64\Lib\importlib\__init__.py", line 88, in import_module
    return _bootstrap._gcd_import(name[level:], package, level)
           ~~~~~~~~~~~~~~~~~~~~~~^^^^^^^^^^^^^^^^^^^^^^^^^^^^^^
  File "<frozen importlib._bootstrap>", line 1406, in _gcd_import
  File "<frozen importlib._bootstrap>", line 1371, in _find_and_load
  File "<frozen importlib._bootstrap>", line 1342, in _find_and_load_unlocked
  File "<frozen importlib._bootstrap>", line 938, in _load_unlocked
  File "<frozen importlib._bootstrap_external>", line 759, in exec_module
  File "<frozen importlib._bootstrap>", line 491, in _call_with_frames_removed
  File "D:\DBS_DBE\Projects\Modular_Component_Showcase_Application\gateway\main.py", line 17, in <module>
    from fastapi.middleware.cors import CORSMiddleware
                       ^^^^^^^^^^^
NameError: name 'auth_routes' is not defined
INFO:     Started server process [19780]
INFO:     Waiting for application startup.
INFO:     Application startup complete.
WARNING:  StatReload detected changes in 'main.py'. Reloading...
INFO:     Shutting down
INFO:     Waiting for application shutdown.
INFO:     Application shutdown complete.
INFO:     Finished server process [19780]
INFO:     Started server process [20928]
INFO:     Waiting for application startup.
INFO:     Application startup complete.
WARNING:  StatReload detected changes in 'routes\component_routes.py'. Reloading...
INFO:     Shutting down
INFO:     Waiting for application shutdown.
INFO:     Application shutdown complete.
INFO:     Finished server process [20928]
INFO:     Started server process [8716]
INFO:     Waiting for application startup.
INFO:     Application startup complete.
